* installing *source* package ‘nloptr’ ...
** package ‘nloptr’ successfully unpacked and MD5 sums checked
configure: loading site script /usr/share/site/x86_64-unknown-linux-gnu
checking for g++... g++
checking whether the C++ compiler works... yes
checking for C++ compiler default output file name... a.out
checking for suffix of executables... 
checking whether we are cross compiling... no
checking for suffix of object files... o
checking whether we are using the GNU C++ compiler... yes
checking whether g++ accepts -g... yes
checking how to run the C++ preprocessor... g++ -E
checking whether we are using the GNU C++ compiler... (cached) yes
checking whether g++ accepts -g... (cached) yes
checking for pkg-config... yes
configure: Now testing for NLopt header file.
checking for grep that handles long lines and -e... /usr/bin/grep
checking for egrep... /usr/bin/grep -E
checking for ANSI C header files... yes
checking for sys/types.h... yes
checking for sys/stat.h... yes
checking for stdlib.h... yes
checking for string.h... yes
checking for memory.h... yes
checking for strings.h... yes
checking for inttypes.h... yes
checking for stdint.h... yes
checking for unistd.h... yes
checking nlopt.h usability... no
checking nlopt.h presence... no
checking for nlopt.h... no
configure: Need to download and build NLopt
trying URL 'http://ab-initio.mit.edu/nlopt/nlopt-2.4.2.tar.gz'
Content type 'application/octet-stream' length 2361992 bytes (2.3 MB)
==================================================
downloaded 2.3 MB

configure: Starting to install library to /tmp/Rtmpdi19gT/devtools6305562871cd/nloptr/nlopt-2.4.2
configure: Done installing library to /tmp/Rtmpdi19gT/devtools6305562871cd/nloptr/nlopt-2.4.2
configure: creating ./config.status
config.status: creating src/Makevars
** libs
g++  -I"/usr/lib64/R/include" -DNDEBUG   -I/usr/local/include   -fpic  -fmessage-length=0 -grecord-gcc-switches -O2 -Wall -D_FORTIFY_SOURCE=2 -fstack-protector-strong -funwind-tables -fasynchronous-unwind-tables -fstack-clash-protection  -c dummy.cpp -o dummy.o
gcc -I"/usr/lib64/R/include" -DNDEBUG   -I/usr/local/include  -I/tmp/Rtmpdi19gT/devtools6305562871cd/nloptr/nlopt-2.4.2/include -fpic  -fmessage-length=0 -grecord-gcc-switches -O2 -Wall -D_FORTIFY_SOURCE=2 -fstack-protector-strong -funwind-tables -fasynchronous-unwind-tables -fstack-clash-protection  -c nloptr.c -o nloptr.o
g++ -shared -L/usr/lib64/R/lib -L/usr/local/lib64 -o nloptr.so dummy.o nloptr.o -lm /tmp/Rtmpdi19gT/devtools6305562871cd/nloptr/nlopt-2.4.2/lib/libnlopt_cxx.a -L/usr/lib64/R/lib -lR
g++: error: /tmp/Rtmpdi19gT/devtools6305562871cd/nloptr/nlopt-2.4.2/lib/libnlopt_cxx.a: No such file or directory
make: *** [/usr/lib64/R/share/make/shlib.mk:6: nloptr.so] Error 1
ERROR: compilation failed for package ‘nloptr’
* removing ‘/tmp/Rtmpdi19gT/R-lib/nloptr’
